#
# A fatal error has been detected by the Java Runtime Environment:
#
#  EXCEPTION_ACCESS_VIOLATION (0xc0000005) at pc=0x00007fffca2b3004, pid=27380, tid=33808
#
# JRE version: OpenJDK Runtime Environment (24.0+36) (build 24+36-3646)
# Java VM: OpenJDK 64-Bit Server VM (24+36-3646, mixed mode, emulated-client, sharing, tiered, compressed oops, compressed class ptrs, g1 gc, windows-amd64)
# Problematic frame:
# C  [libasyncProfiler.dll+0x93004]
#
# No core dump will be written. Minidumps are not enabled by default on client versions of Windows
#
# JFR recording file will be written. Location: C:\Users\rebaa\csc340\workspace\SpartanSmallBusinessManager\hs_err_pid27380.jfr
#
# If you would like to submit a bug report, please visit:
#   https://bugreport.java.com/bugreport/crash.jsp
# The crash happened outside the Java Virtual Machine in native code.
# See problematic frame for where to report the bug.
#

---------------  S U M M A R Y ------------

Command Line: -XX:TieredStopAtLevel=1 -Dspring.output.ansi.enabled=always -Dcom.sun.management.jmxremote -Dspring.jmx.enabled=true -Dspring.liveBeansView.mbeanDomain -Dspring.application.admin.enabled=true -Dmanagement.endpoints.jmx.exposure.include=* -javaagent:C:\Program Files\JetBrains\IntelliJ IDEA 2024.3.5\lib\idea_rt.jar=61902 -Dfile.encoding=UTF-8 -Dsun.stdout.encoding=UTF-8 -Dsun.stderr.encoding=UTF-8 com.csc340.spartan_manager.administration_portal.AdministrationPortalApplication

Host: Intel(R) Core(TM) Ultra 9 185H, 22 cores, 31G,  Windows 11 , 64 bit Build 26100 (10.0.26100.3323)
Time: Mon Apr  7 16:30:15 2025 Eastern Daylight Time elapsed time: 3.576751 seconds (0d 0h 0m 3s)

---------------  T H R E A D  ---------------

Current thread (0x000001dbdb171c00):  JavaThread "Attach Listener" daemon [_thread_in_native, id=33808, stack(0x000000c450100000,0x000000c450200000) (1024K)]

Stack: [0x000000c450100000,0x000000c450200000],  sp=0x000000c4501ff0d0,  free space=1020k
Native frames: (J=compiled Java code, j=interpreted, Vv=VM code, C=native code)
C  [libasyncProfiler.dll+0x93004]  (no source info available)
C  [libasyncProfiler.dll+0x934db]  (no source info available)
C  [libasyncProfiler.dll+0x92134]  (no source info available)
C  [libasyncProfiler.dll+0x929aa]  (no source info available)
C  [libasyncProfiler.dll+0x8d561]  (no source info available)
C  [libasyncProfiler.dll+0x7ef21]  (no source info available)
C  [libasyncProfiler.dll+0x7dc38]  (no source info available)
C  [libasyncProfiler.dll+0x7db20]  (no source info available)
C  [libasyncProfiler.dll+0x84af9]  (no source info available)
V  [jvm.dll+0x57f1b7]  (no source info available)
V  [jvm.dll+0x57ff2c]  (no source info available)
V  [jvm.dll+0x14c9b7]  (no source info available)
V  [jvm.dll+0x14df81]  (no source info available)
V  [jvm.dll+0x42f566]  (no source info available)
V  [jvm.dll+0x87d8fb]  (no source info available)
V  [jvm.dll+0x72efe5]  (no source info available)
C  [ucrtbase.dll+0x37b0]  (no source info available)
C  [KERNEL32.DLL+0x2e8d7]  (no source info available)
C  [ntdll.dll+0xbbf6c]  (no source info available)


siginfo: EXCEPTION_ACCESS_VIOLATION (0xc0000005), reading address 0xffffffffffffffff


Registers:
RAX=0x0000000000000010, RBX=0x0000000000000000, RCX=0xffffffffffffffff, RDX=0x007fffc3852ff010
RSP=0x000000c4501ff0d0, RBP=0x000001dbe4898b68, RSI=0x000000c4501ff240, RDI=0x000001dbe4898b68
R8 =0x0000000000000042, R9 =0x00000007ff8ec878, R10=0x00007fffc3ac9fc0, R11=0x000000000000001e
R12=0x000000c4501ff240, R13=0x000001dbe439bc20, R14=0x000001dbdb171fc8, R15=0x000001dbdb171fc8
RIP=0x00007fffca2b3004, EFLAGS=0x0000000000010202

XMM[0]=0x0000000000000000 0x0000000000000000
XMM[1]=0x0000000000000000 0x0000000000000000
XMM[2]=0x0000000000000000 0x0000000000000000
XMM[3]=0x0000000000000000 0x0000000000000000
XMM[4]=0x0000000000000000 0x0000000000000000
XMM[5]=0x0000000000000000 0x0000000000000000
XMM[6]=0x0000000000000000 0x0000000000000000
XMM[7]=0x0000000000000000 0x0000000000000000
XMM[8]=0x0000000000000000 0x0000000000000000
XMM[9]=0x0000000000000000 0x0000000000000000
XMM[10]=0x0000000000000000 0x0000000000000000
XMM[11]=0x0000000000000000 0x0000000000000000
XMM[12]=0x0000000000000000 0x0000000000000000
XMM[13]=0x0000000000000000 0x0000000000000000
XMM[14]=0x0000000000000000 0x0000000000000000
XMM[15]=0x0000000000000000 0x0000000000000000
  MXCSR=0x00001fa0


Register to memory mapping:

RAX=0x0000000000000010 is an unknown value
RBX=0x0 is null
RCX=0xffffffffffffffff is an unknown value
RDX=0x007fffc3852ff010 is an unknown value
RSP=0x000000c4501ff0d0 is pointing into the stack for thread: 0x000001dbdb171c00
RBP=0x000001dbe4898b68 points into unknown readable memory: 0x00000007ff8ec878 | 78 c8 8e ff 07 00 00 00
RSI=0x000000c4501ff240 is pointing into the stack for thread: 0x000001dbdb171c00
RDI=0x000001dbe4898b68 points into unknown readable memory: 0x00000007ff8ec878 | 78 c8 8e ff 07 00 00 00
R8 =0x0000000000000042 is an unknown value
R9 =0x00000007ff8ec878 is an oop: java.lang.Thread 
{0x00000007ff8ec878} - klass: 'java/lang/Thread' - flags: 

 - ---- fields (total size 14 words):
 - 'threadLocalRandomProbe' 'I' @12  -1640531527 (0x9e3779b9)
 - private volatile 'eetop' 'J' @16  2043411340512 (0x000001dbc4ce9ce0)
 - private final 'tid' 'J' @24  3 (0x0000000000000003)
 - 'threadLocalRandomSeed' 'J' @32  3992465781258539713 (0x376816799dd152c1)
 - injected 'jvmti_thread_state' 'J' @40  2043941159456 (0x000001dbe4630220)
 - 'threadLocalRandomSecondarySeed' 'I' @48  0 (0x00000000)
 - injected 'jvmti_VTMS_transition_disable_count' 'I' @52  0 (0x00000000)
 - injected 'jfr_epoch' 'S' @56  0 (0x0000)
 - volatile 'interrupted' 'Z' @58  false (0x00)
 - injected 'jvmti_is_in_VTMS_transition' 'Z' @59  false (0x00)
 - private volatile 'name' 'Ljava/lang/String;' @60  "main"{0x00000007ff8ec8e8} (0xfff1d91d)
 - private volatile 'contextClassLoader' 'Ljava/lang/ClassLoader;' @64  a 'jdk/internal/loader/ClassLoaders$AppClassLoader'{0x00000007ff8134c0} (0xfff02698)
 - private final 'holder' 'Ljava/lang/Thread$FieldHolder;' @68  a 'java/lang/Thread$FieldHolder'{0x00000007ff8ec918} (0xfff1d923)
 - 'threadLocals' 'Ljava/lang/ThreadLocal$ThreadLocalMap;' @72  a 'java/lang/ThreadLocal$ThreadLocalMap'{0x00000007ff8ec940} (0xfff1d928)
 - 'inheritableThreadLocals' 'Ljava/lang/ThreadLocal$ThreadLocalMap;' @76  null (0x00000000)
 - private 'scopedValueBindings' 'Ljava/lang/Object;' @80  a 'java/lang/Class'{0x00000007ff812430} = 'java/lang/Thread' (0xfff02486)
 - final 'interruptLock' 'Ljava/lang/Object;' @84  a 'java/lang/Object'{0x0000000608fd2648} (0xc11fa4c9)
 - private volatile 'parkBlocker' 'Ljava/lang/Object;' @88  null (0x00000000)
 - private 'nioBlocker' 'Lsun/nio/ch/Interruptible;' @92  null (0x00000000)
 - private 'cont' 'Ljdk/internal/vm/Continuation;' @96  null (0x00000000)
 - private volatile 'uncaughtExceptionHandler' 'Ljava/lang/Thread$UncaughtExceptionHandler;' @100  null (0x00000000)
 - private 'container' 'Ljdk/internal/vm/ThreadContainer;' @104  null (0x00000000)
 - private volatile 'headStackableScopes' 'Ljdk/internal/vm/StackableScope;' @108  null (0x00000000)
R10=0x00007fffc3ac9fc0 jvm.dll
R11=0x000000000000001e is an unknown value
R12=0x000000c4501ff240 is pointing into the stack for thread: 0x000001dbdb171c00
R13=0x000001dbe439bc20 points into unknown readable memory: 0x00007fffc3a3a510 | 10 a5 a3 c3 ff 7f 00 00
R14=0x000001dbdb171fc8 points into unknown readable memory: 0x00007fffc3a317b0 | b0 17 a3 c3 ff 7f 00 00
R15=0x000001dbdb171fc8 points into unknown readable memory: 0x00007fffc3a317b0 | b0 17 a3 c3 ff 7f 00 00

Top of Stack: (sp=0x000000c4501ff0d0)
0x000000c4501ff0d0:   000000c4501ff240 000001dbe4898b68   @..P....h.......
0x000000c4501ff0e0:   0000000000000000 000001dbdb172350   ........P#......
0x000000c4501ff0f0:   000000000000003c 00007fffca2b34db   <........4+.....
0x000000c4501ff100:   0000000000000000 000001dbdb171fc8   ................
0x000000c4501ff110:   000000c4501ff201 0000000000000000   ...P............
0x000000c4501ff120:   000001dbe49d00b0 00007fffca2b2134   ........4!+.....
0x000000c4501ff130:   0000000000000000 000000000000003c   ........<.......
0x000000c4501ff140:   0000000000000000 000000000000003c   ........<.......
0x000000c4501ff150:   0000001500000002 000001dbe4af6d20   ........ m......
0x000000c4501ff160:   000001dbe49d00b0 000001dbe49d01a0   ................
0x000000c4501ff170:   000001dbe49d01ac 0000000000005848   ........HX......
0x000000c4501ff180:   0000000000000000 0000000000000000   ................
0x000000c4501ff190:   0000000000000000 00007fffc32958e4   .........X).....
0x000000c4501ff1a0:   00007fffca40ae00 0000000000006af4   ..@......j......
0x000000c4501ff1b0:   00007fffca40ae00 00000000ffffffff   ..@.............
0x000000c4501ff1c0:   0000000000000000 00007fffca2b29aa   .........)+.....
0x000000c4501ff1d0:   000001dbdb171fc8 0000000000000000   ................
0x000000c4501ff1e0:   000000c4501ff249 000001dbe439bc20   I..P.... .9.....
0x000000c4501ff1f0:   0000000000000004 0000000000000048   ........H.......
0x000000c4501ff200:   0000000800800310 0000000000000020   ........ .......
0x000000c4501ff210:   000001dbdb171fc8 00007fffca40ae00   ..........@.....
0x000000c4501ff220:   000001dbc4d94fe0 000001dbe4630220   .O...... .c.....
0x000000c4501ff230:   0000000800800390 000001dbdb171fc8   ................
0x000000c4501ff240:   000001dbe5ae5350 000001dbe5ae5ad0   PS.......Z......
0x000000c4501ff250:   000001dbe5ae5ad0 00007fffca40ae00   .Z........@.....
0x000000c4501ff260:   000001dbe46a6278 000000c4501ff3d8   xbj........P....
0x000000c4501ff270:   000000c4501ff510 0000000000008840   ...P....@.......
0x000000c4501ff280:   000000c4501ff6f0 00007fffca40ae50   ...P....P.@.....
0x000000c4501ff290:   0000000000989680 0000000000989680   ................
0x000000c4501ff2a0:   000000c4501ff3b0 00007fffca2ad561   ...P....a.*.....
0x000000c4501ff2b0:   00007fffca40ae00 00007fffca40ae58   ..@.....X.@.....
0x000000c4501ff2c0:   00007fff00000000 00007fff00000001   ................

Instructions: (pc=0x00007fffca2b3004)
  0x00007fffca2b2f04:   cc cc cc cc cc cc cc cc cc cc cc cc cc cc cc cc
  0x00007fffca2b2f14:   cc cc cc cc cc cc cc cc cc cc cc cc cc cc cc cc
  0x00007fffca2b2f24:   cc cc cc cc cc cc cc cc cc cc cc cc cc cc cc cc
  0x00007fffca2b2f34:   cc cc cc cc cc cc cc cc cc cc cc cc cc cc cc cc
  0x00007fffca2b2f44:   cc cc cc cc cc cc cc cc cc cc cc cc cc cc cc cc
  0x00007fffca2b2f54:   cc cc cc cc cc cc cc cc cc cc cc cc cc cc cc cc
  0x00007fffca2b2f64:   cc cc cc cc cc cc cc cc cc cc cc cc cc cc cc cc
  0x00007fffca2b2f74:   cc cc cc cc cc cc cc cc cc cc cc cc cc cc cc cc
  0x00007fffca2b2f84:   cc cc cc cc cc cc cc cc cc cc cc cc 40 57 48 83
  0x00007fffca2b2f94:   ec 20 48 8b f9 48 8b 0d 30 80 15 00 48 85 c9 74
  0x00007fffca2b2fa4:   20 48 8b 01 48 8d 54 24 38 41 b8 06 00 01 00 4c
  0x00007fffca2b2fb4:   8b 48 30 41 ff d1 85 c0 75 07 48 8b 4c 24 38 eb
  0x00007fffca2b2fc4:   02 33 c9 4c 8b 05 0a 81 15 00 48 89 5c 24 30 4d
  0x00007fffca2b2fd4:   85 c0 74 4a 48 8b 01 48 8b d7 4c 8b 88 28 03 00
  0x00007fffca2b2fe4:   00 41 ff d1 48 85 c0 74 35 48 63 0d b8 3d 15 00
  0x00007fffca2b2ff4:   48 8b 14 01 48 85 d2 74 15 48 63 05 bc 3d 15 00
=>0x00007fffca2b3004:   8b 04 10 48 8b 5c 24 30 48 83 c4 20 5f c3 b8 ff
  0x00007fffca2b3014:   ff ff ff 48 8b 5c 24 30 48 83 c4 20 5f c3 80 3d
  0x00007fffca2b3024:   bb 7f 15 00 00 bb ff ff ff ff 74 20 4c 8b 0d 51
  0x00007fffca2b3034:   7c 15 00 4c 8d 44 24 38 48 8b 0d 35 7c 15 00 48
  0x00007fffca2b3044:   8b d7 41 ff d1 85 c0 0f 44 5c 24 38 8b c3 48 8b
  0x00007fffca2b3054:   5c 24 30 48 83 c4 20 5f c3 cc cc cc cc cc cc cc
  0x00007fffca2b3064:   cc cc cc cc cc cc cc cc cc cc cc cc cc cc cc cc
  0x00007fffca2b3074:   cc cc cc cc cc cc cc cc cc cc cc cc cc cc cc cc
  0x00007fffca2b3084:   cc cc cc cc cc cc cc cc cc cc cc cc 48 89 54 24
  0x00007fffca2b3094:   10 53 55 56 57 41 56 41 57 48 83 ec 28 48 8b f2
  0x00007fffca2b30a4:   4c 8b f1 48 89 4c 24 78 45 33 ff 44 89 7c 24 68
  0x00007fffca2b30b4:   c7 44 24 60 01 00 00 00 48 8d 4c 24 68 e8 69 3c
  0x00007fffca2b30c4:   f7 ff 8b d8 48 8d 4c 24 60 e8 5d 3c f7 ff 8b e8
  0x00007fffca2b30d4:   49 8b ce e8 33 f3 f6 ff 48 8b f8 90 8b c3 f0 0f
  0x00007fffca2b30e4:   b1 2f 74 04 f3 90 eb f4 4c 89 3e 4c 89 7e 08 4c
  0x00007fffca2b30f4:   89 7e 10 49 8b 6e 08 4d 8b 76 10 49 3b ee 0f 84


Stack slot to memory mapping:

stack at sp + 0 slots: 0x000000c4501ff240 is pointing into the stack for thread: 0x000001dbdb171c00
stack at sp + 1 slots: 0x000001dbe4898b68 points into unknown readable memory: 0x00000007ff8ec878 | 78 c8 8e ff 07 00 00 00
stack at sp + 2 slots: 0x0 is null
stack at sp + 3 slots: 0x000001dbdb172350 points into unknown readable memory: 0x6e616c2e6176616a | 6a 61 76 61 2e 6c 61 6e
stack at sp + 4 slots: 0x000000000000003c is an unknown value
stack at sp + 5 slots: 0x00007fffca2b34db libasyncProfiler.dll
stack at sp + 6 slots: 0x0 is null
stack at sp + 7 slots: 0x000001dbdb171fc8 points into unknown readable memory: 0x00007fffc3a317b0 | b0 17 a3 c3 ff 7f 00 00

Lock stack of current Java thread (top to bottom):


---------------  P R O C E S S  ---------------

Threads class SMR info:
_java_thread_list=0x000001dbe4a953d0, length=30, elements={
0x000001dbc4ce9ce0, 0x000001dbdb16ca90, 0x000001dbdb16d1d0, 0x000001dbdb16e440,
0x000001dbdb171c00, 0x000001dbdb172730, 0x000001dbdb173260, 0x000001dbdb173d90,
0x000001dbc1080cd0, 0x000001dbc1182500, 0x000001dbc11ded70, 0x000001dbc13a1f80,
0x000001dbc1748420, 0x000001dbc1758b70, 0x000001dbc1b2db10, 0x000001dbc1d01670,
0x000001dbe301a6c0, 0x000001dbe30112c0, 0x000001dbe3032d10, 0x000001dbe34ad340,
0x000001dbe34adad0, 0x000001dbe363e5b0, 0x000001dbe36402f0, 0x000001dbe36418e0,
0x000001dbe3641190, 0x000001dbe363ed00, 0x000001dbe363f450, 0x000001dbe363fba0,
0x000001dbe4a42c40, 0x000001dbe4a43ae0
}

Java Threads: ( => current thread )
  0x000001dbc4ce9ce0 JavaThread "main"                              [_thread_in_native, id=27212, stack(0x000000c44f600000,0x000000c44f700000) (1024K)]
  0x000001dbdb16ca90 JavaThread "Reference Handler"          daemon [_thread_blocked, id=9960, stack(0x000000c44fe00000,0x000000c44ff00000) (1024K)]
  0x000001dbdb16d1d0 JavaThread "Finalizer"                  daemon [_thread_blocked, id=13812, stack(0x000000c44ff00000,0x000000c450000000) (1024K)]
  0x000001dbdb16e440 JavaThread "Signal Dispatcher"          daemon [_thread_blocked, id=12220, stack(0x000000c450000000,0x000000c450100000) (1024K)]
=>0x000001dbdb171c00 JavaThread "Attach Listener"            daemon [_thread_in_native, id=33808, stack(0x000000c450100000,0x000000c450200000) (1024K)]
  0x000001dbdb172730 JavaThread "Service Thread"             daemon [_thread_blocked, id=32948, stack(0x000000c450200000,0x000000c450300000) (1024K)]
  0x000001dbdb173260 JavaThread "Monitor Deflation Thread"   daemon [_thread_blocked, id=34468, stack(0x000000c450300000,0x000000c450400000) (1024K)]
  0x000001dbdb173d90 JavaThread "C1 CompilerThread0"         daemon [_thread_blocked, id=35748, stack(0x000000c450400000,0x000000c450500000) (1024K)]
  0x000001dbc1080cd0 JavaThread "C1 CompilerThread1"         daemon [_thread_blocked, id=30144, stack(0x000000c450500000,0x000000c450600000) (1024K)]
  0x000001dbc1182500 JavaThread "Common-Cleaner"             daemon [_thread_blocked, id=15464, stack(0x000000c450600000,0x000000c450700000) (1024K)]
  0x000001dbc11ded70 JavaThread "C1 CompilerThread2"         daemon [_thread_blocked, id=18568, stack(0x000000c450700000,0x000000c450800000) (1024K)]
  0x000001dbc13a1f80 JavaThread "C1 CompilerThread3"         daemon [_thread_blocked, id=6960, stack(0x000000c450800000,0x000000c450900000) (1024K)]
  0x000001dbc1748420 JavaThread "Monitor Ctrl-Break"         daemon [_thread_in_native, id=20060, stack(0x000000c450900000,0x000000c450a00000) (1024K)]
  0x000001dbc1758b70 JavaThread "Notification Thread"        daemon [_thread_blocked, id=19396, stack(0x000000c450a00000,0x000000c450b00000) (1024K)]
  0x000001dbc1b2db10 JavaThread "C1 CompilerThread4"         daemon [_thread_blocked, id=20368, stack(0x000000c450b00000,0x000000c450c00000) (1024K)]
  0x000001dbc1d01670 JavaThread "RMI TCP Accept-0"           daemon [_thread_in_native, id=15344, stack(0x000000c450c00000,0x000000c450d00000) (1024K)]
  0x000001dbe301a6c0 JavaThread "RMI TCP Connection(1)-100.64.9.138" daemon [_thread_in_native, id=18164, stack(0x000000c450d00000,0x000000c450e00000) (1024K)]
  0x000001dbe30112c0 JavaThread "RMI Scheduler(0)"           daemon [_thread_blocked, id=33032, stack(0x000000c450e00000,0x000000c450f00000) (1024K)]
  0x000001dbe3032d10 JavaThread "JMX server connection timeout 40" daemon [_thread_blocked, id=25564, stack(0x000000c450f00000,0x000000c451000000) (1024K)]
  0x000001dbe34ad340 JavaThread "C1 CompilerThread5"         daemon [_thread_blocked, id=14264, stack(0x000000c451c00000,0x000000c451d00000) (1024K)]
  0x000001dbe34adad0 JavaThread "C1 CompilerThread6"         daemon [_thread_blocked, id=32460, stack(0x000000c451d00000,0x000000c451e00000) (1024K)]
  0x000001dbe363e5b0 JavaThread "RMI TCP Connection(2)-100.64.9.138" daemon [_thread_in_native, id=13796, stack(0x000000c452400000,0x000000c452500000) (1024K)]
  0x000001dbe36402f0 JavaThread "Catalina-utility-1"                [_thread_blocked, id=23440, stack(0x000000c452500000,0x000000c452600000) (1024K)]
  0x000001dbe36418e0 JavaThread "Catalina-utility-2"                [_thread_blocked, id=32976, stack(0x000000c452600000,0x000000c452700000) (1024K)]
  0x000001dbe3641190 JavaThread "container-0"                       [_thread_blocked, id=13620, stack(0x000000c452700000,0x000000c452800000) (1024K)]
  0x000001dbe363ed00 JavaThread "mysql-cj-abandoned-connection-cleanup" daemon [_thread_blocked, id=20292, stack(0x000000c452800000,0x000000c452900000) (1024K)]
  0x000001dbe363f450 JavaThread "HikariPool-1 housekeeper"   daemon [_thread_blocked, id=5252, stack(0x000000c452a00000,0x000000c452b00000) (1024K)]
  0x000001dbe363fba0 JavaThread "HikariPool-1 connection adder" daemon [_thread_blocked, id=14128, stack(0x000000c452b00000,0x000000c452c00000) (1024K)]
  0x000001dbe4a42c40 JavaThread "JFR Recorder Thread"        daemon [_thread_in_native, id=16980, stack(0x000000c452c00000,0x000000c452d00000) (1024K)]
  0x000001dbe4a43ae0 JavaThread "JFR Periodic Tasks"         daemon [_thread_blocked, id=22600, stack(0x000000c452d00000,0x000000c452e00000) (1024K)]
Total: 30

Other Threads:
  0x000001dbdb15e640 VMThread "VM Thread"                           [id=30028, stack(0x000000c44fd00000,0x000000c44fe00000) (1024K)]
  0x000001dbdb09ab60 WatcherThread "VM Periodic Task Thread"        [id=12292, stack(0x000000c44fc00000,0x000000c44fd00000) (1024K)]
  0x000001dbdafdef90 WorkerThread "GC Thread#0"                     [id=34188, stack(0x000000c44f700000,0x000000c44f800000) (1024K)]
  0x000001dbc1d10f40 WorkerThread "GC Thread#1"                     [id=27708, stack(0x000000c451000000,0x000000c451100000) (1024K)]
  0x000001dbe3384ac0 WorkerThread "GC Thread#2"                     [id=8112, stack(0x000000c451100000,0x000000c451200000) (1024K)]
  0x000001dbe3380fc0 WorkerThread "GC Thread#3"                     [id=8148, stack(0x000000c451200000,0x000000c451300000) (1024K)]
  0x000001dbe3381ad0 WorkerThread "GC Thread#4"                     [id=19116, stack(0x000000c451300000,0x000000c451400000) (1024K)]
  0x000001dbe33830f0 WorkerThread "GC Thread#5"                     [id=29352, stack(0x000000c451400000,0x000000c451500000) (1024K)]
  0x000001dbe3381e80 WorkerThread "GC Thread#6"                     [id=23904, stack(0x000000c451500000,0x000000c451600000) (1024K)]
  0x000001dbe3382230 WorkerThread "GC Thread#7"                     [id=32740, stack(0x000000c451600000,0x000000c451700000) (1024K)]
  0x000001dbe3381370 WorkerThread "GC Thread#8"                     [id=33292, stack(0x000000c451700000,0x000000c451800000) (1024K)]
  0x000001dbe33825e0 WorkerThread "GC Thread#9"                     [id=3788, stack(0x000000c451800000,0x000000c451900000) (1024K)]
  0x000001dbe3383fb0 WorkerThread "GC Thread#10"                    [id=2616, stack(0x000000c451900000,0x000000c451a00000) (1024K)]
  0x000001dbe3381720 WorkerThread "GC Thread#11"                    [id=632, stack(0x000000c451a00000,0x000000c451b00000) (1024K)]
  0x000001dbe3740220 WorkerThread "GC Thread#12"                    [id=24476, stack(0x000000c451b00000,0x000000c451c00000) (1024K)]
  0x000001dbe3741840 WorkerThread "GC Thread#13"                    [id=13248, stack(0x000000c452100000,0x000000c452200000) (1024K)]
  0x000001dbe3741bf0 WorkerThread "GC Thread#14"                    [id=33084, stack(0x000000c452200000,0x000000c452300000) (1024K)]
  0x000001dbe3742e60 WorkerThread "GC Thread#15"                    [id=31368, stack(0x000000c452300000,0x000000c452400000) (1024K)]
  0x000001dbc4d67750 ConcurrentGCThread "G1 Main Marker"            [id=31132, stack(0x000000c44f800000,0x000000c44f900000) (1024K)]
  0x000001dbc4d68070 WorkerThread "G1 Conc#0"                       [id=13388, stack(0x000000c44f900000,0x000000c44fa00000) (1024K)]
  0x000001dbe3383850 WorkerThread "G1 Conc#1"                       [id=30836, stack(0x000000c451e00000,0x000000c451f00000) (1024K)]
  0x000001dbe3383c00 WorkerThread "G1 Conc#2"                       [id=23004, stack(0x000000c451f00000,0x000000c452000000) (1024K)]
  0x000001dbe3384710 WorkerThread "G1 Conc#3"                       [id=30568, stack(0x000000c452000000,0x000000c452100000) (1024K)]
  0x000001dbdb08ef60 ConcurrentGCThread "G1 Refine#0"               [id=14768, stack(0x000000c44fa00000,0x000000c44fb00000) (1024K)]
  0x000001dbdb08f790 ConcurrentGCThread "G1 Service"                [id=12992, stack(0x000000c44fb00000,0x000000c44fc00000) (1024K)]
Total: 25

Threads with active compile tasks:
Total: 0

VM state: not at safepoint (normal execution)

VM Mutex/Monitor currently owned by a thread: None

Heap address: 0x0000000608800000, size: 8056 MB, Compressed Oops mode: Zero based, Oop shift amount: 3

CDS archive(s) mapped at: [0x000001db80000000-0x000001db80d40000-0x000001db80d40000), size 13893632, SharedBaseAddress: 0x000001db80000000, ArchiveRelocationMode: 1.
Compressed class space mapped at: 0x000001db81000000-0x000001dbc1000000, reserved size: 1073741824
UseCompressedClassPointers 1, UseCompactObjectHeaders 0
Narrow klass pointer bits 32, Max shift 3
Narrow klass base: 0x000001db80000000, Narrow klass shift: 0
Encoding Range: [0x000001db80000000 - 0x000001dc80000000), (4294967296 bytes)
Klass Range:    [0x000001db80000000 - 0x000001dbc1000000), (1090519040 bytes)
Klass ID Range:  [8 - 1090519033) (1090519025)

GC Precious Log:
 CardTable entry size: 512
 Card Set container configuration: InlinePtr #cards 4 size 8 Array Of Cards #cards 32 size 80 Howl #buckets 8 coarsen threshold 7372 Howl Bitmap #cards 1024 size 144 coarsen threshold 921 Card regions per heap region 1 cards per card region 8192
 CPUs: 22 total, 22 available
 Memory: 32212M
 Large Page Support: Disabled
 NUMA Support: Disabled
 Compressed Oops: Enabled (Zero based)
 Heap Region Size: 4M
 Heap Min Capacity: 8M
 Heap Initial Capacity: 504M
 Heap Max Capacity: 8056M
 Pre-touch: Disabled
 Parallel Workers: 16
 Concurrent Workers: 4
 Concurrent Refinement Workers: 16
 Periodic GC: Disabled

Heap:
 garbage-first heap   total reserved 8249344K, committed 98304K, used 87164K [0x0000000608800000, 0x0000000800000000)
  region size 4096K, 18 young (73728K), 1 survivors (4096K)
 Metaspace       used 59013K, committed 59584K, reserved 1114112K
  class space    used 6604K, committed 6848K, reserved 1048576K

Heap Regions: E=young(eden), S=young(survivor), O=old, HS=humongous(starts), HC=humongous(continues), CS=collection set, F=free, TAMS=top-at-mark-start, PB=parsable bottom
|   0|0x0000000608800000, 0x0000000608b6cbc8, 0x0000000608c00000| 85%| O|  |TAMS 0x0000000608800000| PB 0x0000000608800000| Untracked |  0
|   1|0x0000000608c00000, 0x0000000609000000, 0x0000000609000000|100%| O|  |TAMS 0x0000000608c00000| PB 0x0000000608c00000| Untracked |  0
|   2|0x0000000609000000, 0x0000000609400000, 0x0000000609400000|100%| O|  |TAMS 0x0000000609000000| PB 0x0000000609000000| Untracked |  0
|   3|0x0000000609400000, 0x00000006095eb400, 0x0000000609800000| 47%| O|Cm|TAMS 0x0000000609400000| PB 0x0000000609400000| Complete |  0
|   4|0x0000000609800000, 0x0000000609a64640, 0x0000000609c00000| 59%| E|  |TAMS 0x0000000609800000| PB 0x0000000609800000| Complete |  0
|   5|0x0000000609c00000, 0x000000060a000000, 0x000000060a000000|100%| O|  |TAMS 0x0000000609c00000| PB 0x0000000609c00000| Untracked |  0
|   6|0x000000060a000000, 0x000000060a400000, 0x000000060a400000|100%| E|CS|TAMS 0x000000060a000000| PB 0x000000060a000000| Complete |  0
|   7|0x000000060a400000, 0x000000060a800000, 0x000000060a800000|100%| E|CS|TAMS 0x000000060a400000| PB 0x000000060a400000| Complete |  0
|   8|0x000000060a800000, 0x000000060ac00000, 0x000000060ac00000|100%| E|CS|TAMS 0x000000060a800000| PB 0x000000060a800000| Complete |  0
|   9|0x000000060ac00000, 0x000000060b000000, 0x000000060b000000|100%| E|CS|TAMS 0x000000060ac00000| PB 0x000000060ac00000| Complete |  0
|  10|0x000000060b000000, 0x000000060b400000, 0x000000060b400000|100%| E|CS|TAMS 0x000000060b000000| PB 0x000000060b000000| Complete |  0
|  11|0x000000060b400000, 0x000000060b800000, 0x000000060b800000|100%| E|CS|TAMS 0x000000060b400000| PB 0x000000060b400000| Complete |  0
|  12|0x000000060b800000, 0x000000060bc00000, 0x000000060bc00000|100%| E|CS|TAMS 0x000000060b800000| PB 0x000000060b800000| Complete |  0
|  13|0x000000060bc00000, 0x000000060c000000, 0x000000060c000000|100%| E|CS|TAMS 0x000000060bc00000| PB 0x000000060bc00000| Complete |  0
|  14|0x000000060c000000, 0x000000060c400000, 0x000000060c400000|100%| E|CS|TAMS 0x000000060c000000| PB 0x000000060c000000| Complete |  0
|  15|0x000000060c400000, 0x000000060c7c72e0, 0x000000060c800000| 94%| S|CS|TAMS 0x000000060c400000| PB 0x000000060c400000| Complete |  0
|  16|0x000000060c800000, 0x000000060cc00000, 0x000000060cc00000|100%| E|  |TAMS 0x000000060c800000| PB 0x000000060c800000| Complete |  0
|  17|0x000000060cc00000, 0x000000060d000000, 0x000000060d000000|100%| E|CS|TAMS 0x000000060cc00000| PB 0x000000060cc00000| Complete |  0
|  18|0x000000060d000000, 0x000000060d400000, 0x000000060d400000|100%| E|CS|TAMS 0x000000060d000000| PB 0x000000060d000000| Complete |  0
|  19|0x000000060d400000, 0x000000060d800000, 0x000000060d800000|100%| E|CS|TAMS 0x000000060d400000| PB 0x000000060d400000| Complete |  0
|  20|0x000000060d800000, 0x000000060dc00000, 0x000000060dc00000|100%| E|CS|TAMS 0x000000060d800000| PB 0x000000060d800000| Complete |  0
|  21|0x000000060dc00000, 0x000000060e000000, 0x000000060e000000|100%| E|CS|TAMS 0x000000060dc00000| PB 0x000000060dc00000| Complete |  0
|2012|0x00000007ff800000, 0x00000007ffc00000, 0x00000007ffc00000|100%| O|  |TAMS 0x00000007ff800000| PB 0x00000007ff800000| Untracked |  0
|2013|0x00000007ffc00000, 0x0000000800000000, 0x0000000800000000|100%| E|CS|TAMS 0x00000007ffc00000| PB 0x00000007ffc00000| Complete |  0

Card table byte_map: [0x000001dbd2100000,0x000001dbd30c0000] _byte_map_base: 0x000001dbcf0bc000

Marking Bits: (CMBitMap*) 0x000001dbc4d53360
 Bits: [0x000001dbd30c0000, 0x000001dbdaea0000)

Polling page: 0x000001dbc2a80000

Metaspace:

Usage:
  Non-class:     51.19 MB used.
      Class:      6.45 MB used.
       Both:     57.64 MB used.

Virtual space:
  Non-class space:       64.00 MB reserved,      51.56 MB ( 81%) committed,  1 nodes.
      Class space:        1.00 GB reserved,       6.69 MB ( <1%) committed,  1 nodes.
             Both:        1.06 GB reserved,      58.25 MB (  5%) committed. 

Chunk freelists:
   Non-Class:  12.42 MB
       Class:  9.20 MB
        Both:  21.63 MB

MaxMetaspaceSize: unlimited
CompressedClassSpaceSize: 1.00 GB
Initial GC threshold: 21.00 MB
Current GC threshold: 71.38 MB
CDS: on
 - commit_granule_bytes: 65536.
 - commit_granule_words: 8192.
 - virtual_space_node_default_size: 8388608.
 - enlarge_chunks_in_place: 1.
UseCompressedClassPointers 1, UseCompactObjectHeaders 0
Narrow klass pointer bits 32, Max shift 3
Narrow klass base: 0x000001db80000000, Narrow klass shift: 0
Encoding Range: [0x000001db80000000 - 0x000001dc80000000), (4294967296 bytes)
Klass Range:    [0x000001db80000000 - 0x000001dbc1000000), (1090519040 bytes)
Klass ID Range:  [8 - 1090519033) (1090519025)


Internal statistics:

num_allocs_failed_limit: 6.
num_arena_births: 706.
num_arena_deaths: 0.
num_vsnodes_births: 2.
num_vsnodes_deaths: 0.
num_space_committed: 932.
num_space_uncommitted: 0.
num_chunks_returned_to_freelist: 6.
num_chunks_taken_from_freelist: 2727.
num_chunk_merges: 6.
num_chunk_splits: 2004.
num_chunks_enlarged: 1632.
num_inconsistent_stats: 0.

CodeCache: size=49152Kb used=12126Kb max_used=12126Kb free=37025Kb
 bounds [0x000001dbcd580000, 0x000001dbce160000, 0x000001dbd0580000]
 total_blobs=6886, nmethods=6186, adapters=619, full_count=0
Compilation: enabled, stopped_count=0, restarted_count=0

Compilation events (20 events):
Event: 3.543 Thread 0x000001dbc1080cd0 6190       1       org.hibernate.mapping.Column::getQuotedName (35 bytes)
Event: 3.543 Thread 0x000001dbc1080cd0 nmethod 6190 0x000001dbce144888 code [0x000001dbce1449c0, 0x000001dbce144b50]
Event: 3.543 Thread 0x000001dbdb173d90 6191       1       org.hibernate.engine.jdbc.env.internal.JdbcEnvironmentImpl::getDialect (5 bytes)
Event: 3.543 Thread 0x000001dbdb173d90 nmethod 6191 0x000001dbce144c08 code [0x000001dbce144d00, 0x000001dbce144dc8]
Event: 3.543 Thread 0x000001dbe34adad0 6192       1       org.hibernate.mapping.Column::getLength (5 bytes)
Event: 3.543 Thread 0x000001dbc13a1f80 6193       1       java.util.ArrayList$ArrayListSpliterator::estimateSize (11 bytes)
Event: 3.543 Thread 0x000001dbe34adad0 nmethod 6192 0x000001dbce144f08 code [0x000001dbce145000, 0x000001dbce1450c8]
Event: 3.544 Thread 0x000001dbc13a1f80 nmethod 6193 0x000001dbce145208 code [0x000001dbce145320, 0x000001dbce145410]
Event: 3.544 Thread 0x000001dbe34ad340 6194       1       org.hibernate.tuple.AbstractAttribute::getType (5 bytes)
Event: 3.544 Thread 0x000001dbe34ad340 nmethod 6194 0x000001dbce145508 code [0x000001dbce145600, 0x000001dbce1456c8]
Event: 3.544 Thread 0x000001dbc13a1f80 6195       1       java.lang.reflect.Modifier::isVolatile (13 bytes)
Event: 3.544 Thread 0x000001dbc13a1f80 nmethod 6195 0x000001dbce145808 code [0x000001dbce145900, 0x000001dbce1459b8]
Event: 3.544 Thread 0x000001dbc1080cd0 6196       1       org.hibernate.tuple.AbstractAttribute::getName (5 bytes)
Event: 3.544 Thread 0x000001dbc1080cd0 nmethod 6196 0x000001dbce145b08 code [0x000001dbce145c00, 0x000001dbce145cc8]
Event: 3.544 Thread 0x000001dbc1080cd0 6197       1       org.hibernate.type.descriptor.jdbc.VarcharJdbcType::getJdbcTypeCode (3 bytes)
Event: 3.544 Thread 0x000001dbc1080cd0 nmethod 6197 0x000001dbce145e08 code [0x000001dbce145f00, 0x000001dbce145fc8]
Event: 3.553 Thread 0x000001dbdb173d90 6200       1       jdk.internal.event.FileReadEvent::enabled (2 bytes)
Event: 3.553 Thread 0x000001dbdb173d90 nmethod 6200 0x000001dbce147108 code [0x000001dbce147200, 0x000001dbce1472a8]
Event: 3.556 Thread 0x000001dbc1b2db10 6201       1       sun.util.locale.BaseLocale::getRegion (5 bytes)
Event: 3.556 Thread 0x000001dbc1b2db10 nmethod 6201 0x000001dbce147408 code [0x000001dbce147500, 0x000001dbce1475c8]

GC Heap History (16 events):
Event: 0.590 GC heap before
{Heap before GC invocations=0 (full 0):
 garbage-first heap   total reserved 8249344K, committed 520192K, used 50288K [0x0000000608800000, 0x0000000800000000)
  region size 4096K, 12 young (49152K), 0 survivors (0K)
 Metaspace       used 10351K, committed 10624K, reserved 1114112K
  class space    used 1160K, committed 1280K, reserved 1048576K
}
Event: 0.594 GC heap after
{Heap after GC invocations=1 (full 0):
 garbage-first heap   total reserved 8249344K, committed 520192K, used 10619K [0x0000000608800000, 0x0000000800000000)
  region size 4096K, 2 young (8192K), 2 survivors (8192K)
 Metaspace       used 10351K, committed 10624K, reserved 1114112K
  class space    used 1160K, committed 1280K, reserved 1048576K
}
Event: 0.711 GC heap before
{Heap before GC invocations=1 (full 0):
 garbage-first heap   total reserved 8249344K, committed 520192K, used 27003K [0x0000000608800000, 0x0000000800000000)
  region size 4096K, 7 young (28672K), 2 survivors (8192K)
 Metaspace       used 15262K, committed 15552K, reserved 1114112K
  class space    used 1650K, committed 1792K, reserved 1048576K
}
Event: 0.713 GC heap after
{Heap after GC invocations=2 (full 0):
 garbage-first heap   total reserved 8249344K, committed 520192K, used 14436K [0x0000000608800000, 0x0000000800000000)
  region size 4096K, 3 young (12288K), 3 survivors (12288K)
 Metaspace       used 15262K, committed 15552K, reserved 1114112K
  class space    used 1650K, committed 1792K, reserved 1048576K
}
Event: 1.078 GC heap before
{Heap before GC invocations=3 (full 0):
 garbage-first heap   total reserved 8249344K, committed 81920K, used 71780K [0x0000000608800000, 0x0000000800000000)
  region size 4096K, 17 young (69632K), 3 survivors (12288K)
 Metaspace       used 21670K, committed 22016K, reserved 1114112K
  class space    used 2332K, committed 2496K, reserved 1048576K
}
Event: 1.084 GC heap after
{Heap after GC invocations=4 (full 0):
 garbage-first heap   total reserved 8249344K, committed 102400K, used 17771K [0x0000000608800000, 0x0000000800000000)
  region size 4096K, 4 young (16384K), 4 survivors (16384K)
 Metaspace       used 21670K, committed 22016K, reserved 1114112K
  class space    used 2332K, committed 2496K, reserved 1048576K
}
Event: 1.464 GC heap before
{Heap before GC invocations=4 (full 0):
 garbage-first heap   total reserved 8249344K, committed 102400K, used 62827K [0x0000000608800000, 0x0000000800000000)
  region size 4096K, 15 young (61440K), 4 survivors (16384K)
 Metaspace       used 25580K, committed 25920K, reserved 1114112K
  class space    used 2825K, committed 2944K, reserved 1048576K
}
Event: 1.474 GC heap after
{Heap after GC invocations=5 (full 0):
 garbage-first heap   total reserved 8249344K, committed 102400K, used 18888K [0x0000000608800000, 0x0000000800000000)
  region size 4096K, 1 young (4096K), 1 survivors (4096K)
 Metaspace       used 25580K, committed 25920K, reserved 1114112K
  class space    used 2825K, committed 2944K, reserved 1048576K
}
Event: 1.485 GC heap before
{Heap before GC invocations=5 (full 0):
 garbage-first heap   total reserved 8249344K, committed 102400K, used 18888K [0x0000000608800000, 0x0000000800000000)
  region size 4096K, 2 young (8192K), 1 survivors (4096K)
 Metaspace       used 25722K, committed 26048K, reserved 1114112K
  class space    used 2838K, committed 3008K, reserved 1048576K
}
Event: 1.488 GC heap after
{Heap after GC invocations=6 (full 0):
 garbage-first heap   total reserved 8249344K, committed 102400K, used 18872K [0x0000000608800000, 0x0000000800000000)
  region size 4096K, 1 young (4096K), 1 survivors (4096K)
 Metaspace       used 25722K, committed 26048K, reserved 1114112K
  class space    used 2838K, committed 3008K, reserved 1048576K
}
Event: 2.102 GC heap before
{Heap before GC invocations=7 (full 0):
 garbage-first heap   total reserved 8249344K, committed 81920K, used 72120K [0x0000000608800000, 0x0000000800000000)
  region size 4096K, 14 young (57344K), 1 survivors (4096K)
 Metaspace       used 33368K, committed 33792K, reserved 1114112K
  class space    used 3750K, committed 3904K, reserved 1048576K
}
Event: 2.109 GC heap after
{Heap after GC invocations=8 (full 0):
 garbage-first heap   total reserved 8249344K, committed 86016K, used 22637K [0x0000000608800000, 0x0000000800000000)
  region size 4096K, 2 young (8192K), 2 survivors (8192K)
 Metaspace       used 33368K, committed 33792K, reserved 1114112K
  class space    used 3750K, committed 3904K, reserved 1048576K
}
Event: 2.502 GC heap before
{Heap before GC invocations=8 (full 0):
 garbage-first heap   total reserved 8249344K, committed 86016K, used 63597K [0x0000000608800000, 0x0000000800000000)
  region size 4096K, 12 young (49152K), 2 survivors (8192K)
 Metaspace       used 39948K, committed 40448K, reserved 1114112K
  class space    used 4514K, committed 4736K, reserved 1048576K
}
Event: 2.512 GC heap after
{Heap after GC invocations=9 (full 0):
 garbage-first heap   total reserved 8249344K, committed 86016K, used 24696K [0x0000000608800000, 0x0000000800000000)
  region size 4096K, 2 young (8192K), 2 survivors (8192K)
 Metaspace       used 39948K, committed 40448K, reserved 1114112K
  class space    used 4514K, committed 4736K, reserved 1048576K
}
Event: 2.680 GC heap before
{Heap before GC invocations=9 (full 0):
 garbage-first heap   total reserved 8249344K, committed 86016K, used 36984K [0x0000000608800000, 0x0000000800000000)
  region size 4096K, 6 young (24576K), 2 survivors (8192K)
 Metaspace       used 43295K, committed 43776K, reserved 1114112K
  class space    used 4853K, committed 5056K, reserved 1048576K
}
Event: 2.688 GC heap after
{Heap after GC invocations=10 (full 0):
 garbage-first heap   total reserved 8249344K, committed 303104K, used 25724K [0x0000000608800000, 0x0000000800000000)
  region size 4096K, 1 young (4096K), 1 survivors (4096K)
 Metaspace       used 43295K, committed 43776K, reserved 1114112K
  class space    used 4853K, committed 5056K, reserved 1048576K
}

Dll operation events (13 events):
Event: 0.007 Loaded shared library C:\Users\rebaa\.jdks\openjdk-24\bin\java.dll
Event: 0.084 Loaded shared library C:\Users\rebaa\.jdks\openjdk-24\bin\zip.dll
Event: 0.086 Loaded shared library C:\Users\rebaa\.jdks\openjdk-24\bin\instrument.dll
Event: 0.088 Loaded shared library C:\Users\rebaa\.jdks\openjdk-24\bin\net.dll
Event: 0.089 Loaded shared library C:\Users\rebaa\.jdks\openjdk-24\bin\nio.dll
Event: 0.090 Loaded shared library C:\Users\rebaa\.jdks\openjdk-24\bin\zip.dll
Event: 0.113 Loaded shared library C:\Users\rebaa\.jdks\openjdk-24\bin\jimage.dll
Event: 0.146 Loaded shared library C:\Users\rebaa\.jdks\openjdk-24\bin\extnet.dll
Event: 0.148 Loaded shared library C:\Users\rebaa\.jdks\openjdk-24\bin\management.dll
Event: 0.154 Loaded shared library C:\Users\rebaa\.jdks\openjdk-24\bin\management_ext.dll
Event: 0.832 Loaded shared library C:\Users\rebaa\.jdks\openjdk-24\bin\sunmscapi.dll
Event: 2.450 Loaded shared library C:\Users\rebaa\.jdks\openjdk-24\bin\verify.dll
Event: 3.425 Loaded shared library C:\Users\rebaa\AppData\Local\Temp\idea_libasyncProfiler_dll_temp_folder\libasyncProfiler.dll

Deoptimization events (4 events):
Event: 1.478 Thread 0x000001dbc4ce9ce0 DEOPT PACKING pc=0x000001dbcde7134c sp=0x000000c44f6fdc90
Event: 1.478 Thread 0x000001dbc4ce9ce0 DEOPT UNPACKING pc=0x000001dbcd5d5722 sp=0x000000c44f6fd150 mode 0
Event: 1.761 Thread 0x000001dbc4ce9ce0 DEOPT PACKING pc=0x000001dbcdf3095f sp=0x000000c44f6fdcf0
Event: 1.761 Thread 0x000001dbc4ce9ce0 DEOPT UNPACKING pc=0x000001dbcd5d5722 sp=0x000000c44f6fd298 mode 0

Classes loaded (20 events):
Event: 3.503 Loading class jdk/jfr/internal/MetadataWriter
Event: 3.504 Loading class jdk/jfr/internal/MetadataWriter done
Event: 3.504 Loading class jdk/jfr/internal/MetadataDescriptor$Element
Event: 3.504 Loading class jdk/jfr/internal/MetadataDescriptor$Element done
Event: 3.504 Loading class jdk/jfr/internal/MetadataDescriptor$Attribute
Event: 3.504 Loading class jdk/jfr/internal/MetadataDescriptor$Attribute done
Event: 3.507 Loading class jdk/jfr/internal/consumer/StringParser$Encoding
Event: 3.507 Loading class jdk/jfr/internal/consumer/StringParser$Encoding done
Event: 3.512 Loading class jdk/jfr/internal/consumer/RepositoryFiles
Event: 3.513 Loading class jdk/jfr/internal/consumer/RepositoryFiles done
Event: 3.524 Loading class jdk/jfr/internal/SettingsManager$InternalSetting
Event: 3.524 Loading class jdk/jfr/internal/SettingsManager$InternalSetting done
Event: 3.525 Loading class jdk/jfr/internal/util/Rate
Event: 3.525 Loading class jdk/jfr/internal/util/Rate done
Event: 3.525 Loading class jdk/jfr/internal/util/TimespanUnit
Event: 3.525 Loading class jdk/jfr/internal/util/TimespanUnit done
Event: 3.525 Loading class jdk/jfr/internal/util/ValueParser
Event: 3.525 Loading class jdk/jfr/internal/util/ValueParser done
Event: 3.526 Loading class jdk/jfr/internal/periodic/PeriodicType
Event: 3.526 Loading class jdk/jfr/internal/periodic/PeriodicType done

Classes unloaded (0 events):
No events

Classes redefined (0 events):
No events

Internal exceptions (20 events):
Event: 2.279 Thread 0x000001dbc4ce9ce0 Exception <a 'java/lang/NoSuchMethodError'{0x000000060bdd95a8}: 'void java.lang.invoke.DelegatingMethodHandle$Holder.reinvoke_L(java.lang.Object, java.lang.Object, java.lang.Object, java.lang.Object, int, java.lang.Object, java.lang.Object, java.lang.Object)'> (0x000000060bdd95a8) 
thrown [s\open\src\hotspot\share\interpreter\linkResolver.cpp, line 805]
Event: 2.281 Thread 0x000001dbc4ce9ce0 Exception <a 'java/lang/NoSuchMethodError'{0x000000060be2d2d0}: 'java.lang.Object java.lang.invoke.DirectMethodHandle$Holder.invokeStatic(java.lang.Object, java.lang.Object, java.lang.Object, java.lang.Object, java.lang.Object, java.lang.Object, java.lang.Object, java.lang.Object, java.lang.Object, java.lang.Object)'> (0x000000060be2d2d0) 
thrown [s\open\src\hotspot\share\interpreter\linkResolver.cpp, line 805]
Event: 2.589 Thread 0x000001dbc4ce9ce0 Exception <a 'java/lang/NoSuchMethodError'{0x0000000627df24c8}: 'int java.lang.invoke.DirectMethodHandle$Holder.invokeStatic(java.lang.Object)'> (0x0000000627df24c8) 
thrown [s\open\src\hotspot\share\interpreter\linkResolver.cpp, line 805]
Event: 2.841 Thread 0x000001dbc4ce9ce0 Exception <a 'java/lang/NoSuchMethodError'{0x000000060dfd38e0}: 'int java.lang.invoke.Invokers$Holder.invokeExact_MT(java.lang.Object, java.lang.Object)'> (0x000000060dfd38e0) 
thrown [s\open\src\hotspot\share\interpreter\linkResolver.cpp, line 805]
Event: 2.953 Thread 0x000001dbc4ce9ce0 Exception <a 'java/lang/NoSuchMethodError'{0x000000060d6d1470}: 'int java.lang.invoke.DirectMethodHandle$Holder.invokeVirtual(java.lang.Object, java.lang.Object, java.lang.Object)'> (0x000000060d6d1470) 
thrown [s\open\src\hotspot\share\interpreter\linkResolver.cpp, line 805]
Event: 3.094 Thread 0x000001dbc4ce9ce0 Exception <a 'java/lang/IncompatibleClassChangeError'{0x000000060c856258}: Found class java.lang.Object, but interface was expected> (0x000000060c856258) 
thrown [s\open\src\hotspot\share\interpreter\linkResolver.cpp, line 872]
Event: 3.104 Thread 0x000001dbc4ce9ce0 Exception <a 'java/lang/NoSuchMethodError'{0x000000060c90e2b0}: 'java.lang.Object java.lang.invoke.DirectMethodHandle$Holder.invokeStatic(java.lang.Object, java.lang.Object, int, java.lang.Object)'> (0x000000060c90e2b0) 
thrown [s\open\src\hotspot\share\interpreter\linkResolver.cpp, line 805]
Event: 3.105 Thread 0x000001dbc4ce9ce0 Exception <a 'java/lang/NoSuchMethodError'{0x000000060c916470}: 'java.lang.Object java.lang.invoke.DirectMethodHandle$Holder.invokeStaticInit(java.lang.Object, java.lang.Object, int, java.lang.Object)'> (0x000000060c916470) 
thrown [s\open\src\hotspot\share\interpreter\linkResolver.cpp, line 805]
Event: 3.457 Thread 0x000001dbdb171c00 Exception <a 'java/lang/NoSuchMethodError'{0x000000060b641f88}: 'void java.lang.invoke.DirectMethodHandle$Holder.invokeStaticInit(java.lang.Object)'> (0x000000060b641f88) 
thrown [s\open\src\hotspot\share\interpreter\linkResolver.cpp, line 805]
Event: 3.495 Thread 0x000001dbdb171c00 Exception <a 'java/lang/NoSuchMethodError'{0x000000060ad61fb8}: 'void java.lang.invoke.DirectMethodHandle$Holder.invokeSpecial(java.lang.Object, java.lang.Object, int)'> (0x000000060ad61fb8) 
thrown [s\open\src\hotspot\share\interpreter\linkResolver.cpp, line 805]
Event: 3.495 Thread 0x000001dbdb171c00 Exception <a 'java/lang/NoSuchMethodError'{0x000000060ad69bd8}: 'void java.lang.invoke.Invokers$Holder.invokeExact_MT(java.lang.Object, int, java.lang.Object)'> (0x000000060ad69bd8) 
thrown [s\open\src\hotspot\share\interpreter\linkResolver.cpp, line 805]
Event: 3.496 Thread 0x000001dbdb171c00 Exception <a 'java/lang/NoSuchMethodError'{0x000000060ad8b020}: 'java.lang.Object java.lang.invoke.DirectMethodHandle$Holder.newInvokeSpecial(java.lang.Object, java.lang.Object, int)'> (0x000000060ad8b020) 
thrown [s\open\src\hotspot\share\interpreter\linkResolver.cpp, line 805]
Event: 3.498 Thread 0x000001dbdb171c00 Exception <a 'sun/nio/fs/WindowsException'{0x000000060adbeeb8}> (0x000000060adbeeb8) 
thrown [s\open\src\hotspot\share\prims\jni.cpp, line 518]
Event: 3.499 Thread 0x000001dbdb171c00 Exception <a 'sun/nio/fs/WindowsException'{0x000000060adcbcc0}> (0x000000060adcbcc0) 
thrown [s\open\src\hotspot\share\prims\jni.cpp, line 518]
Event: 3.501 Thread 0x000001dbdb171c00 Exception <a 'sun/nio/fs/WindowsException'{0x000000060addda08}> (0x000000060addda08) 
thrown [s\open\src\hotspot\share\prims\jni.cpp, line 518]
Event: 3.547 Thread 0x000001dbc4ce9ce0 Exception <a 'java/lang/NoSuchMethodError'{0x000000060a68fb58}: 'void java.lang.invoke.DirectMethodHandle$Holder.invokeInterface(java.lang.Object, java.lang.Object, int, java.lang.Object)'> (0x000000060a68fb58) 
thrown [s\open\src\hotspot\share\interpreter\linkResolver.cpp, line 805]
Event: 3.549 Thread 0x000001dbc4ce9ce0 Exception <a 'java/lang/NoSuchMethodError'{0x000000060a6c8050}: 'java.lang.Object java.lang.invoke.DirectMethodHandle$Holder.newInvokeSpecial(java.lang.Object, java.lang.Object, int, java.lang.Object)'> (0x000000060a6c8050) 
thrown [s\open\src\hotspot\share\interpreter\linkResolver.cpp, line 805]
Event: 3.550 Thread 0x000001dbc4ce9ce0 Exception <a 'java/lang/NoSuchMethodError'{0x000000060a6d02e0}: 'java.lang.Object java.lang.invoke.Invokers$Holder.linkToTargetMethod(java.lang.Object, int, java.lang.Object, java.lang.Object)'> (0x000000060a6d02e0) 
thrown [s\open\src\hotspot\share\interpreter\linkResolver.cpp, line 805]
Event: 3.564 Thread 0x000001dbc4ce9ce0 Exception <a 'java/lang/NoSuchMethodError'{0x000000060a783170}: 'void java.lang.invoke.DirectMethodHandle$Holder.invokeSpecial(java.lang.Object, java.lang.Object, java.lang.Object, java.lang.Object, java.lang.Object, java.lang.Object, java.lang.Object, java.lang.Object)'> (0x000000060a783170) 
thrown [s\open\src\hotspot\share\interpreter\linkResolver.cpp, line 805]
Event: 3.567 Thread 0x000001dbc4ce9ce0 Exception <a 'java/lang/NoSuchMethodError'{0x000000060a7cf010}: 'void java.lang.invoke.DirectMethodHandle$Holder.invokeSpecial(java.lang.Object, java.lang.Object, int, java.lang.Object)'> (0x000000060a7cf010) 
thrown [s\open\src\hotspot\share\interpreter\linkResolver.cpp, line 805]

VM Operations (20 events):
Event: 2.311 Executing VM operation: HandshakeAllThreads (Deoptimize)
Event: 2.311 Executing VM operation: HandshakeAllThreads (Deoptimize) done
Event: 2.502 Executing VM operation: G1CollectForAllocation (G1 Evacuation Pause)
Event: 2.512 Executing VM operation: G1CollectForAllocation (G1 Evacuation Pause) done
Event: 2.680 Executing VM operation: CollectForMetadataAllocation (Metadata GC Threshold)
Event: 2.689 Executing VM operation: CollectForMetadataAllocation (Metadata GC Threshold) done
Event: 2.697 Executing VM operation: G1PauseRemark
Event: 2.699 Executing VM operation: G1PauseRemark done
Event: 2.702 Executing VM operation: G1PauseCleanup
Event: 2.702 Executing VM operation: G1PauseCleanup done
Event: 3.236 Executing VM operation: HandshakeAllThreads (Deoptimize)
Event: 3.236 Executing VM operation: HandshakeAllThreads (Deoptimize) done
Event: 3.239 Executing VM operation: HandshakeAllThreads (Deoptimize)
Event: 3.239 Executing VM operation: HandshakeAllThreads (Deoptimize) done
Event: 3.252 Executing VM operation: HandshakeAllThreads (Deoptimize)
Event: 3.252 Executing VM operation: HandshakeAllThreads (Deoptimize) done
Event: 3.324 Executing VM operation: HandshakeAllThreads (Deoptimize)
Event: 3.426 Executing VM operation: HandshakeAllThreads (Deoptimize) done
Event: 3.513 Executing VM operation: JFRSafepointClear
Event: 3.513 Executing VM operation: JFRSafepointClear done

Memory protections (0 events):
No events

Nmethod flushes (20 events):
Event: 2.699 Thread 0x000001dbdb15e640 flushing  nmethod 0x000001dbcddd4608
Event: 2.699 Thread 0x000001dbdb15e640 flushing  nmethod 0x000001dbcde26288
Event: 2.699 Thread 0x000001dbdb15e640 flushing  nmethod 0x000001dbcde3a308
Event: 2.699 Thread 0x000001dbdb15e640 flushing  nmethod 0x000001dbcde3ac88
Event: 2.699 Thread 0x000001dbdb15e640 flushing  nmethod 0x000001dbcde3d388
Event: 2.699 Thread 0x000001dbdb15e640 flushing  nmethod 0x000001dbcde43f08
Event: 2.699 Thread 0x000001dbdb15e640 flushing  nmethod 0x000001dbcd7fb208
Event: 2.699 Thread 0x000001dbdb15e640 flushing  nmethod 0x000001dbcd7fc508
Event: 2.699 Thread 0x000001dbdb15e640 flushing  nmethod 0x000001dbcd94bb08
Event: 2.699 Thread 0x000001dbdb15e640 flushing  nmethod 0x000001dbcda1e208
Event: 2.699 Thread 0x000001dbdb15e640 flushing  nmethod 0x000001dbcdb44908
Event: 2.699 Thread 0x000001dbdb15e640 flushing  nmethod 0x000001dbcdba0688
Event: 2.699 Thread 0x000001dbdb15e640 flushing  nmethod 0x000001dbcdd43a08
Event: 2.699 Thread 0x000001dbdb15e640 flushing  nmethod 0x000001dbcdd46d88
Event: 2.699 Thread 0x000001dbdb15e640 flushing  nmethod 0x000001dbcdd57a88
Event: 2.699 Thread 0x000001dbdb15e640 flushing  nmethod 0x000001dbcdddfc88
Event: 2.699 Thread 0x000001dbdb15e640 flushing  nmethod 0x000001dbcdde7788
Event: 2.699 Thread 0x000001dbdb15e640 flushing  nmethod 0x000001dbcde06f88
Event: 2.699 Thread 0x000001dbdb15e640 flushing  nmethod 0x000001dbcde1ed08
Event: 2.699 Thread 0x000001dbdb15e640 flushing  nmethod 0x000001dbcde5ba08

Events (20 events):
Event: 0.874 Thread 0x000001dbe3641190 Thread exited: 0x000001dbe3641190
Event: 1.029 Thread 0x000001dbe301a6c0 Thread added: 0x000001dbe36418e0
Event: 1.040 Thread 0x000001dbe36418e0 Thread exited: 0x000001dbe36418e0
Event: 1.544 Thread 0x000001dbc1d01670 Thread added: 0x000001dbe363e5b0
Event: 1.547 Thread 0x000001dbe363e5b0 Thread added: 0x000001dbe363f450
Event: 1.560 Thread 0x000001dbe363f450 Thread exited: 0x000001dbe363f450
Event: 2.062 Thread 0x000001dbe301a6c0 Thread added: 0x000001dbe3641190
Event: 2.071 Thread 0x000001dbe3641190 Thread exited: 0x000001dbe3641190
Event: 2.190 Thread 0x000001dbc4ce9ce0 Thread added: 0x000001dbe36402f0
Event: 2.191 Thread 0x000001dbe36402f0 Thread added: 0x000001dbe36418e0
Event: 2.193 Thread 0x000001dbc4ce9ce0 Thread added: 0x000001dbe3641190
Event: 2.205 Thread 0x000001dbc4ce9ce0 Thread added: 0x000001dbe363ed00
Event: 2.577 Thread 0x000001dbe363e5b0 Thread added: 0x000001dbe363f450
Event: 2.598 Thread 0x000001dbe363f450 Thread exited: 0x000001dbe363f450
Event: 2.738 Thread 0x000001dbc4ce9ce0 Thread added: 0x000001dbe363f450
Event: 2.841 Thread 0x000001dbe363f450 Thread added: 0x000001dbe363fba0
Event: 3.102 Thread 0x000001dbe301a6c0 Thread added: 0x000001dbe4473220
Event: 3.107 Thread 0x000001dbe4473220 Thread exited: 0x000001dbe4473220
Event: 3.456 Thread 0x000001dbdb171c00 Thread added: 0x000001dbe4a42c40
Event: 3.496 Thread 0x000001dbdb171c00 Thread added: 0x000001dbe4a43ae0


Dynamic libraries:
0x00007ff700360000 - 0x00007ff70036e000 	C:\Users\rebaa\.jdks\openjdk-24\bin\java.exe
0x00007ff8680c0000 - 0x00007ff868323000 	C:\Windows\SYSTEM32\ntdll.dll
0x00007ff867780000 - 0x00007ff867847000 	C:\Windows\System32\KERNEL32.DLL
0x00007ff865b10000 - 0x00007ff865ed9000 	C:\Windows\System32\KERNELBASE.dll
0x00007ff865850000 - 0x00007ff86599c000 	C:\Windows\System32\ucrtbase.dll
0x00007ff82c450000 - 0x00007ff82c466000 	C:\Users\rebaa\.jdks\openjdk-24\bin\jli.dll
0x00007ff867b60000 - 0x00007ff867d2a000 	C:\Windows\System32\USER32.dll
0x00007ff865ae0000 - 0x00007ff865b07000 	C:\Windows\System32\win32u.dll
0x00007ff866bc0000 - 0x00007ff866bea000 	C:\Windows\System32\GDI32.dll
0x00007ff8659a0000 - 0x00007ff865ad1000 	C:\Windows\System32\gdi32full.dll
0x00007ff8653f0000 - 0x00007ff865493000 	C:\Windows\System32\msvcp_win.dll
0x00007ff82bc70000 - 0x00007ff82bc8b000 	C:\Users\rebaa\.jdks\openjdk-24\bin\VCRUNTIME140.dll
0x00007ff847ef0000 - 0x00007ff848180000 	C:\Windows\WinSxS\amd64_microsoft.windows.common-controls_6595b64144ccf1df_6.0.26100.3323_none_3e088096e3344490\COMCTL32.dll
0x00007ff865f90000 - 0x00007ff866039000 	C:\Windows\System32\msvcrt.dll
0x00007ff867740000 - 0x00007ff86776f000 	C:\Windows\System32\IMM32.DLL
0x00007ff851b20000 - 0x00007ff851b2c000 	C:\Users\rebaa\.jdks\openjdk-24\bin\vcruntime140_1.dll
0x00007ff8143f0000 - 0x00007ff81447e000 	C:\Users\rebaa\.jdks\openjdk-24\bin\msvcp140.dll
0x00007fffc2e00000 - 0x00007fffc3ba2000 	C:\Users\rebaa\.jdks\openjdk-24\bin\server\jvm.dll
0x00007ff867aa0000 - 0x00007ff867b52000 	C:\Windows\System32\ADVAPI32.dll
0x00007ff866c70000 - 0x00007ff866d16000 	C:\Windows\System32\sechost.dll
0x00007ff867620000 - 0x00007ff867736000 	C:\Windows\System32\RPCRT4.dll
0x00007ff867d80000 - 0x00007ff867df4000 	C:\Windows\System32\WS2_32.dll
0x00007ff865150000 - 0x00007ff86519e000 	C:\Windows\SYSTEM32\POWRPROF.dll
0x00007ff858bd0000 - 0x00007ff858bdb000 	C:\Windows\SYSTEM32\VERSION.dll
0x00007ff859b60000 - 0x00007ff859b96000 	C:\Windows\SYSTEM32\WINMM.dll
0x00007ff865130000 - 0x00007ff865144000 	C:\Windows\SYSTEM32\UMPDC.dll
0x00007ff8640e0000 - 0x00007ff8640fa000 	C:\Windows\SYSTEM32\kernel.appcore.dll
0x00007ff842780000 - 0x00007ff84278a000 	C:\Users\rebaa\.jdks\openjdk-24\bin\jimage.dll
0x00007ff8627c0000 - 0x00007ff862a01000 	C:\Windows\SYSTEM32\DBGHELP.DLL
0x00007ff866830000 - 0x00007ff866bb2000 	C:\Windows\System32\combase.dll
0x00007ff867f00000 - 0x00007ff867fd6000 	C:\Windows\System32\OLEAUT32.dll
0x00007ff850760000 - 0x00007ff850799000 	C:\Windows\SYSTEM32\dbgcore.DLL
0x00007ff865350000 - 0x00007ff8653e9000 	C:\Windows\System32\bcryptPrimitives.dll
0x00007ff832e50000 - 0x00007ff832e5f000 	C:\Users\rebaa\.jdks\openjdk-24\bin\instrument.dll
0x00007ff82a4d0000 - 0x00007ff82a4ee000 	C:\Users\rebaa\.jdks\openjdk-24\bin\java.dll
0x00007ff866d30000 - 0x00007ff866ec5000 	C:\Windows\System32\ole32.dll
0x00007ff866f00000 - 0x00007ff867615000 	C:\Windows\System32\SHELL32.dll
0x00007ff8654a0000 - 0x00007ff865608000 	C:\Windows\System32\wintypes.dll
0x00007ff862f80000 - 0x00007ff8637c5000 	C:\Windows\SYSTEM32\windows.storage.dll
0x00007ff866150000 - 0x00007ff86623b000 	C:\Windows\System32\SHCORE.dll
0x00007ff866040000 - 0x00007ff86609d000 	C:\Windows\System32\shlwapi.dll
0x00007ff8651d0000 - 0x00007ff8651ff000 	C:\Windows\SYSTEM32\profapi.dll
0x00007ff828530000 - 0x00007ff828547000 	C:\Users\rebaa\.jdks\openjdk-24\bin\zip.dll
0x00007ff832c10000 - 0x00007ff832c20000 	C:\Users\rebaa\.jdks\openjdk-24\bin\net.dll
0x00007ff864600000 - 0x00007ff86466a000 	C:\Windows\system32\mswsock.dll
0x00007ff82a4b0000 - 0x00007ff82a4c6000 	C:\Users\rebaa\.jdks\openjdk-24\bin\nio.dll
0x00007ff863bd0000 - 0x00007ff863cf5000 	C:\Windows\SYSTEM32\DNSAPI.dll
0x00007ff863b30000 - 0x00007ff863b63000 	C:\Windows\SYSTEM32\IPHLPAPI.DLL
0x00007ff866d20000 - 0x00007ff866d2a000 	C:\Windows\System32\NSI.dll
0x00007ff858c80000 - 0x00007ff858c8b000 	C:\Windows\System32\rasadhlp.dll
0x00007ff85c050000 - 0x00007ff85c0d5000 	C:\Windows\System32\fwpuclnt.dll
0x00007ff82c6b0000 - 0x00007ff82c6b9000 	C:\Users\rebaa\.jdks\openjdk-24\bin\extnet.dll
0x00007ff82c440000 - 0x00007ff82c44a000 	C:\Users\rebaa\.jdks\openjdk-24\bin\management.dll
0x00007ff82bc60000 - 0x00007ff82bc6b000 	C:\Users\rebaa\.jdks\openjdk-24\bin\management_ext.dll
0x00007ff865f80000 - 0x00007ff865f88000 	C:\Windows\System32\PSAPI.DLL
0x00007ff8648a0000 - 0x00007ff8648bc000 	C:\Windows\SYSTEM32\CRYPTSP.dll
0x00007ff864040000 - 0x00007ff86407a000 	C:\Windows\system32\rsaenh.dll
0x00007ff8646a0000 - 0x00007ff8646cb000 	C:\Windows\SYSTEM32\USERENV.dll
0x00007ff864ae0000 - 0x00007ff864b06000 	C:\Windows\SYSTEM32\bcrypt.dll
0x00007ff8648c0000 - 0x00007ff8648cc000 	C:\Windows\SYSTEM32\CRYPTBASE.dll
0x00007ff85d640000 - 0x00007ff85d658000 	C:\Windows\system32\napinsp.dll
0x00007ff858ac0000 - 0x00007ff858ad2000 	C:\Windows\System32\winrnr.dll
0x00007ff852600000 - 0x00007ff852622000 	C:\Windows\system32\nlansp_c.dll
0x00007ff858b60000 - 0x00007ff858b76000 	C:\Windows\system32\wshbth.dll
0x00007ff82ba80000 - 0x00007ff82ba8e000 	C:\Users\rebaa\.jdks\openjdk-24\bin\sunmscapi.dll
0x00007ff8656d0000 - 0x00007ff865847000 	C:\Windows\System32\CRYPT32.dll
0x00007ff864aa0000 - 0x00007ff864ad0000 	C:\Windows\SYSTEM32\ncrypt.dll
0x00007ff864a50000 - 0x00007ff864a8f000 	C:\Windows\SYSTEM32\NTASN1.dll
0x00007ff82b770000 - 0x00007ff82b780000 	C:\Users\rebaa\.jdks\openjdk-24\bin\verify.dll
0x00007fffca220000 - 0x00007fffca42e000 	C:\Users\rebaa\AppData\Local\Temp\idea_libasyncProfiler_dll_temp_folder\libasyncProfiler.dll
0x00007ff850920000 - 0x00007ff85096e000 	C:\Windows\SYSTEM32\pdh.dll
0x00007ff853390000 - 0x00007ff8533a2000 	C:\Windows\System32\perfproc.dll

dbghelp: loaded successfully - version: 4.0.5 - missing functions: none
symbol engine: initialized successfully - sym options: 0x614 - pdb path: .;C:\Users\rebaa\.jdks\openjdk-24\bin;C:\Windows\SYSTEM32;C:\Windows\WinSxS\amd64_microsoft.windows.common-controls_6595b64144ccf1df_6.0.26100.3323_none_3e088096e3344490;C:\Users\rebaa\.jdks\openjdk-24\bin\server;C:\Users\rebaa\AppData\Local\Temp\idea_libasyncProfiler_dll_temp_folder

VM Arguments:
jvm_args: -XX:TieredStopAtLevel=1 -Dspring.output.ansi.enabled=always -Dcom.sun.management.jmxremote -Dspring.jmx.enabled=true -Dspring.liveBeansView.mbeanDomain -Dspring.application.admin.enabled=true -Dmanagement.endpoints.jmx.exposure.include=* -javaagent:C:\Program Files\JetBrains\IntelliJ IDEA 2024.3.5\lib\idea_rt.jar=61902 -Dfile.encoding=UTF-8 -Dsun.stdout.encoding=UTF-8 -Dsun.stderr.encoding=UTF-8 
java_command: com.csc340.spartan_manager.administration_portal.AdministrationPortalApplication
java_class_path (initial): C:\Users\rebaa\csc340\workspace\SpartanSmallBusinessManager\target\classes;C:\Users\rebaa\.m2\repository\org\springframework\boot\spring-boot-starter-oauth2-client\3.4.4\spring-boot-starter-oauth2-client-3.4.4.jar;C:\Users\rebaa\.m2\repository\org\springframework\boot\spring-boot-starter\3.4.4\spring-boot-starter-3.4.4.jar;C:\Users\rebaa\.m2\repository\org\springframework\boot\spring-boot\3.4.4\spring-boot-3.4.4.jar;C:\Users\rebaa\.m2\repository\org\springframework\boot\spring-boot-autoconfigure\3.4.4\spring-boot-autoconfigure-3.4.4.jar;C:\Users\rebaa\.m2\repository\org\springframework\boot\spring-boot-starter-logging\3.4.4\spring-boot-starter-logging-3.4.4.jar;C:\Users\rebaa\.m2\repository\ch\qos\logback\logback-classic\1.5.18\logback-classic-1.5.18.jar;C:\Users\rebaa\.m2\repository\ch\qos\logback\logback-core\1.5.18\logback-core-1.5.18.jar;C:\Users\rebaa\.m2\repository\org\apache\logging\log4j\log4j-to-slf4j\2.24.3\log4j-to-slf4j-2.24.3.jar;C:\Users\rebaa\.m2\repository\org\apache\logging\log4j\log4j-api\2.24.3\log4j-api-2.24.3.jar;C:\Users\rebaa\.m2\repository\org\slf4j\jul-to-slf4j\2.0.17\jul-to-slf4j-2.0.17.jar;C:\Users\rebaa\.m2\repository\jakarta\annotation\jakarta.annotation-api\2.1.1\jakarta.annotation-api-2.1.1.jar;C:\Users\rebaa\.m2\repository\org\yaml\snakeyaml\2.3\snakeyaml-2.3.jar;C:\Users\rebaa\.m2\repository\org\springframework\security\spring-security-config\6.4.4\spring-security-config-6.4.4.jar;C:\Users\rebaa\.m2\repository\org\springframework\spring-aop\6.2.5\spring-aop-6.2.5.jar;C:\Users\rebaa\.m2\repository\org\springframework\spring-beans\6.2.5\spring-beans-6.2.5.jar;C:\Users\rebaa\.m2\repository\org\springframework\spring-context\6.2.5\spring-context-6.2.5.jar;C:\Users\rebaa\.m2\repository\org\springframework\security\spring-security-core\6.4.4\spring-security-core-6.4.4.jar;C:\Users\rebaa\.m2\repository\org\springframework\security\spring-security-crypto\6.4.4\spring-security-crypto-6.4.4.jar;C:\Users\rebaa\.m2\repository\org\springframework\spring-expression\6.2.5\spring-expression-6.2.5.jar;C:\Users\rebaa\.m2\repository\org\springframework\security\spring-security-oauth2-client\6.4.4\spring-security-oauth2-client-6.4.4.jar;C:\Users\rebaa\.m2\repository\org\springframework\security\spring-security-oauth2-core\6.4.4\spring-security-oauth2-core-6.4.4.jar;C:\Users\rebaa\.m2\repository\org\springframework\security\spring-security-web\6.4.4\spring-security-web-6.4.4.jar;C:\Users\rebaa\.m2\repository\com\nimbusds\oauth2-oidc-sdk\9.43.6\oauth2-oidc-sdk-9.43.6.jar;C:\Users\rebaa\.m2\repository\com\github\stephenc\jcip\jcip-annotations\1.0-1\jcip-annotations-1.0-1.jar;C:\Users\rebaa\.m2\repository\com\nimbusds\content-type\2.2\content-type-2.2.jar;C:\Users\rebaa\.m2\repository\com\nimbusds\lang-tag\1.7\lang-tag-1.7.jar;C:\Users\rebaa\.m2\repository\org\springframework\security\spring-security-oauth2-jose\6.4.4\spring-security-oauth2-jose-6.4.4.jar;C:\Users\rebaa\.m2\repository\com\nimbusds\nimbus-jose-jwt\9.37.3\nimbus-jose-jwt-9.37.3.jar;C:\Users\rebaa\.m2\repository\org\springframework\boot\spring-boot-starter-web\3.4.4\spring-boot-starter-web-3.4.4.jar;C:\Users\rebaa\.m2\repository\org\springframework\boot\spring-boot-starter-json\3.4.4\spring-boot-starter-json-3.4.4.jar;C:\Users\rebaa\.m2\repository\com\fasterxml\jackson\core\jackson-databind\2.18.3\jackson-databind-2.18.3.jar;C:\Users\rebaa\.m2\repository\com\fasterxml\jackson\core\jackson-annotations\2.18.3\jackson-annotations-2.18.3.jar;C:\Users\rebaa\.m2\repository\com\fasterxml\jackson\core\jackson-core\2.18.3\jackson-core-2.18.3.jar;C:\Users\rebaa\.m2\repository\com\fasterxml\jackson\datatype\jackson-datatype-jdk8\2.18.3\jackson-datatype-jdk8-2.18.3.jar;C:\Users\rebaa\.m2\repository\com\fasterxml\jackson\datatype\jackson-datatype-jsr310\2.18.3\jackson-datatype-jsr310-2.18.3.jar;C:\Users\rebaa\.m2\repository\com\fasterxml\jackson\module\jackson-module-parameter-names\2.18.3\jackson-module-parameter-names-2.18.3.jar;C:\Users\rebaa\.m2\repository\org\springframework\boot\spring-boot-starter-tomcat\3.4.4\spring-boot-starter-tomcat-3.4.4.jar;C:\Users\rebaa\.m2\repository\org\apache\tomcat\embed\tomcat-embed-core\10.1.39\tomcat-embed-core-10.1.39.jar;C:\Users\rebaa\.m2\repository\org\apache\tomcat\embed\tomcat-embed-el\10.1.39\tomcat-embed-el-10.1.39.jar;C:\Users\rebaa\.m2\repository\org\apache\tomcat\embed\tomcat-embed-websocket\10.1.39\tomcat-embed-websocket-10.1.39.jar;C:\Users\rebaa\.m2\repository\org\springframework\spring-web\6.2.5\spring-web-6.2.5.jar;C:\Users\rebaa\.m2\repository\org\springframework\spring-webmvc\6.2.5\spring-webmvc-6.2.5.jar;C:\Users\rebaa\.m2\repository\com\mysql\mysql-connector-j\9.1.0\mysql-connector-j-9.1.0.jar;C:\Users\rebaa\.m2\repository\org\slf4j\slf4j-api\2.0.17\slf4j-api-2.0.17.jar;C:\Users\rebaa\.m2\repository\jakarta\xml\bind\jakarta.xml.bind-api\4.0.2\jakarta.xml.bind-api-4.0.2.jar;C:\Users\rebaa\.m2\repository\jakarta\activation\jakarta.activation-api\2.1.3\jakarta.activation-api-2.1.3.jar;C:\Users\rebaa\.m2\repository\net\minidev\json-smart\2.5.2\json-smart-2.5.2.jar;C:\Users\rebaa\.m2\repository\net\minidev\accessors-smart\2.5.2\accessors-smart-2.5.2.jar;C:\Users\rebaa\.m2\repository\org\ow2\asm\asm\9.7.1\asm-9.7.1.jar;C:\Users\rebaa\.m2\repository\net\bytebuddy\byte-buddy\1.15.11\byte-buddy-1.15.11.jar;C:\Users\rebaa\.m2\repository\org\springframework\spring-core\6.2.5\spring-core-6.2.5.jar;C:\Users\rebaa\.m2\repository\org\springframework\spring-jcl\6.2.5\spring-jcl-6.2.5.jar;C:\Users\rebaa\.m2\repository\org\springframework\boot\spring-boot-starter-data-jpa\3.4.3\spring-boot-starter-data-jpa-3.4.3.jar;C:\Users\rebaa\.m2\repository\org\springframework\boot\spring-boot-starter-jdbc\3.4.4\spring-boot-starter-jdbc-3.4.4.jar;C:\Users\rebaa\.m2\repository\com\zaxxer\HikariCP\5.1.0\HikariCP-5.1.0.jar;C:\Users\rebaa\.m2\repository\org\springframework\spring-jdbc\6.2.5\spring-jdbc-6.2.5.jar;C:\Users\rebaa\.m2\repository\org\hibernate\orm\hibernate-core\6.6.11.Final\hibernate-core-6.6.11.Final.jar;C:\Users\rebaa\.m2\repository\jakarta\persistence\jakarta.persistence-api\3.1.0\jakarta.persistence-api-3.1.0.jar;C:\Users\rebaa\.m2\repository\jakarta\transaction\jakarta.transaction-api\2.0.1\jakarta.transaction-api-2.0.1.jar;C:\Users\rebaa\.m2\repository\org\jboss\logging\jboss-logging\3.6.1.Final\jboss-logging-3.6.1.Final.jar;C:\Users\rebaa\.m2\repository\org\hibernate\common\hibernate-commons-annotations\7.0.3.Final\hibernate-commons-annotations-7.0.3.Final.jar;C:\Users\rebaa\.m2\repository\io\smallrye\jandex\3.2.0\jandex-3.2.0.jar;C:\Users\rebaa\.m2\repository\com\fasterxml\classmate\1.7.0\classmate-1.7.0.jar;C:\Users\rebaa\.m2\repository\org\glassfish\jaxb\jaxb-runtime\4.0.5\jaxb-runtime-4.0.5.jar;C:\Users\rebaa\.m2\repository\org\glassfish\jaxb\jaxb-core\4.0.5\jaxb-core-4.0.5.jar;C:\Users\rebaa\.m2\repository\org\eclipse\angus\angus-activation\2.0.2\angus-activation-2.0.2.jar;C:\Users\rebaa\.m2\repository\org\glassfish\jaxb\txw2\4.0.5\txw2-4.0.5.jar;C:\Users\rebaa\.m2\repository\com\sun\istack\istack-commons-runtime\4.1.2\istack-commons-runtime-4.1.2.jar;C:\Users\rebaa\.m2\repository\jakarta\inject\jakarta.inject-api\2.0.1\jakarta.inject-api-2.0.1.jar;C:\Users\rebaa\.m2\repository\org\antlr\antlr4-runtime\4.13.0\antlr4-runtime-4.13.0.jar;C:\Users\rebaa\.m2\repository\org\springframework\data\spring-data-jpa\3.4.4\spring-data-jpa-3.4.4.jar;C:\Users\rebaa\.m2\repository\org\springframework\data\spring-data-commons\3.4.4\spring-data-commons-3.4.4.jar;C:\Users\rebaa\.m2\repository\org\springframework\spring-orm\6.2.5\spring-orm-6.2.5.jar;C:\Users\rebaa\.m2\repository\org\springframework\spring-tx\6.2.5\spring-tx-6.2.5.jar;C:\Users\rebaa\.m2\repository\org\springframework\spring-aspects\6.2.5\spring-aspects-6.2.5.jar;C:\Users\rebaa\.m2\repository\org\aspectj\aspectjweaver\1.9.23\aspectjweaver-1.9.23.jar;C:\Users\rebaa\.m2\repository\org\springframework\boot\spring-boot-starter-actuator\3.4.4\spring-boot-starter-actuator-3.4.4.jar;C:\Users\rebaa\.m2\repository\org\springframework\boot\spring-boot-actuator-autoconfigure\3.4.4\spring-boot-actuator-autoconfigure-3.4.4.jar;C:\Users\rebaa\.m2\repository\org\springframework\boot\spring-boot-actuator\3.4.4\spring-boot-actuator-3.4.4.jar;C:\Users\rebaa\.m2\repository\io\micrometer\micrometer-observation\1.14.5\micrometer-observation-1.14.5.jar;C:\Users\rebaa\.m2\repository\io\micrometer\micrometer-commons\1.14.5\micrometer-commons-1.14.5.jar;C:\Users\rebaa\.m2\repository\io\micrometer\micrometer-jakarta9\1.14.5\micrometer-jakarta9-1.14.5.jar;C:\Users\rebaa\.m2\repository\io\micrometer\micrometer-core\1.14.5\micrometer-core-1.14.5.jar;C:\Users\rebaa\.m2\repository\org\hdrhistogram\HdrHistogram\2.2.2\HdrHistogram-2.2.2.jar;C:\Users\rebaa\.m2\repository\org\latencyutils\LatencyUtils\2.0.3\LatencyUtils-2.0.3.jar
Launcher Type: SUN_STANDARD

[Global flags]
     intx CICompilerCount                          = 12                                        {product} {ergonomic}
     uint ConcGCThreads                            = 4                                         {product} {ergonomic}
     bool FlightRecorder                           = true                                      {product} {management}
     uint G1ConcRefinementThreads                  = 16                                        {product} {ergonomic}
   size_t G1HeapRegionSize                         = 4194304                                   {product} {ergonomic}
   size_t InitialHeapSize                          = 528482304                                 {product} {ergonomic}
     bool ManagementServer                         = true                                      {product} {command line}
   size_t MarkStackSize                            = 4194304                                   {product} {ergonomic}
   size_t MarkStackSizeMax                         = 536870912                                 {product} {ergonomic}
   size_t MaxHeapSize                              = 8447328256                                {product} {ergonomic}
   size_t MaxNewSize                               = 5066719232                                {product} {ergonomic}
   size_t MinHeapDeltaBytes                        = 4194304                                   {product} {ergonomic}
   size_t MinHeapSize                              = 8388608                                   {product} {ergonomic}
    uintx NonNMethodCodeHeapSize                   = 4096                                   {pd product} {ergonomic}
    uintx NonProfiledCodeHeapSize                  = 0                                      {pd product} {ergonomic}
     bool ProfileInterpreter                       = false                                  {pd product} {command line}
    uintx ProfiledCodeHeapSize                     = 0                                      {pd product} {ergonomic}
   size_t SoftMaxHeapSize                          = 8447328256                             {manageable} {ergonomic}
     intx TieredStopAtLevel                        = 1                                         {product} {command line}
     bool UseCompressedOops                        = true                           {product lp64_product} {ergonomic}
     bool UseG1GC                                  = true                                      {product} {ergonomic}
     bool UseLargePagesIndividualAllocation        = false                                  {pd product} {ergonomic}

Logging:
Log output configuration:
 #0: stdout all=warning uptime,level,tags foldmultilines=false
 #1: stderr all=off uptime,level,tags foldmultilines=false

Environment Variables:
PATH=C:\Windows\system32;C:\Windows;C:\Windows\System32\Wbem;C:\Windows\System32\WindowsPowerShell\v1.0\;C:\Windows\System32\OpenSSH\;C:\Program Files\dotnet\;C:\Program Files\Git\cmd;C:\Users\rebaa\AppData\Local\Microsoft\WindowsApps;
USERNAME=rebaa
OS=Windows_NT
PROCESSOR_IDENTIFIER=Intel64 Family 6 Model 170 Stepping 4, GenuineIntel
TMP=C:\Users\rebaa\AppData\Local\Temp
TEMP=C:\Users\rebaa\AppData\Local\Temp




Periodic native trim disabled

---------------  S Y S T E M  ---------------

OS:
 Windows 11 , 64 bit Build 26100 (10.0.26100.3323)
OS uptime: 2 days 18:17 hours
Hyper-V role detected

CPU: total 22 (initial active 22) (11 cores per cpu, 2 threads per core) family 6 model 170 stepping 4 microcode 0x1c, cx8, cmov, fxsr, ht, mmx, 3dnowpref, sse, sse2, sse3, ssse3, sse4.1, sse4.2, popcnt, lzcnt, tsc, tscinvbit, avx, avx2, aes, erms, clmul, bmi1, bmi2, adx, sha, fma, vzeroupper, clflush, clflushopt, clwb, hv, serialize, rdtscp, rdpid, fsrm, gfni, f16c, cet_ibt, cet_ss
Processor Information for processor 0
  Max Mhz: 2300, Current Mhz: 2300, Mhz Limit: 2300
Processor Information for processor 1
  Max Mhz: 2300, Current Mhz: 2300, Mhz Limit: 2300
Processor Information for processor 2
  Max Mhz: 1800, Current Mhz: 1800, Mhz Limit: 1800
Processor Information for processor 3
  Max Mhz: 1800, Current Mhz: 1800, Mhz Limit: 1800
Processor Information for processor 4
  Max Mhz: 1800, Current Mhz: 1800, Mhz Limit: 1800
Processor Information for processor 5
  Max Mhz: 1800, Current Mhz: 1800, Mhz Limit: 1800
Processor Information for processor 6
  Max Mhz: 1800, Current Mhz: 1800, Mhz Limit: 1800
Processor Information for processor 7
  Max Mhz: 1800, Current Mhz: 1800, Mhz Limit: 1800
Processor Information for processor 8
  Max Mhz: 1800, Current Mhz: 1500, Mhz Limit: 1800
Processor Information for processor 9
  Max Mhz: 1800, Current Mhz: 1800, Mhz Limit: 1800
Processor Information for processor 10
  Max Mhz: 2300, Current Mhz: 2300, Mhz Limit: 2300
Processor Information for processor 11
  Max Mhz: 2300, Current Mhz: 1478, Mhz Limit: 2300
Processor Information for processor 12
  Max Mhz: 2300, Current Mhz: 2300, Mhz Limit: 2300
Processor Information for processor 13
  Max Mhz: 2300, Current Mhz: 2300, Mhz Limit: 2300
Processor Information for processor 14
  Max Mhz: 2300, Current Mhz: 2300, Mhz Limit: 2300
Processor Information for processor 15
  Max Mhz: 2300, Current Mhz: 2300, Mhz Limit: 2300
Processor Information for processor 16
  Max Mhz: 2300, Current Mhz: 2300, Mhz Limit: 2300
Processor Information for processor 17
  Max Mhz: 2300, Current Mhz: 2300, Mhz Limit: 2300
Processor Information for processor 18
  Max Mhz: 2300, Current Mhz: 2300, Mhz Limit: 2300
Processor Information for processor 19
  Max Mhz: 2300, Current Mhz: 2300, Mhz Limit: 2300
Processor Information for processor 20
  Max Mhz: 2500, Current Mhz: 1000, Mhz Limit: 1000
Processor Information for processor 21
  Max Mhz: 2500, Current Mhz: 1000, Mhz Limit: 1000

Memory: 4k page, system-wide physical 32212M (13916M free)
TotalPageFile size 37332M (AvailPageFile size 13334M)
current process WorkingSet (physical memory assigned to process): 250M, peak: 250M
current process commit charge ("private bytes"): 330M, peak: 647M

vm_info: OpenJDK 64-Bit Server VM (24+36-3646) for windows-amd64 JRE (24+36-3646), built on 2025-02-06T00:20:43Z with MS VC++ 17.6 (VS2022)

END.
